[INFO] 18:41:17:568 Discordiador/(24030:24030): Se creó la patota 1
[INFO] 18:41:17:568 Discordiador/(24030:24030): Discordiador LISTO PARA PLANIFICAR
[INFO] 18:41:21:863 Discordiador/(24030:24030): SE INICIA LA PLANIFICACIÓN
[INFO] 18:41:21:863 Discordiador/(24030:24033): [TRIPULANTE 1] TENGO QUE LLEGAR A 3|5
[INFO] 18:41:21:863 Discordiador/(24030:24034): [TRIPULANTE 2] TENGO QUE LLEGAR A 3|5
[INFO] 18:41:24:326 Discordiador/(24030:24030): SE EXPULSA AL TRIPULANTE 3
[INFO] 18:41:29:867 Discordiador/(24030:24033): [TRIPULANTE 1] LLEGUÉ A LA TAREA
[INFO] 18:41:29:868 Discordiador/(24030:24033): [TRIPULANTE 1] COMIENZO A EJECUTAR TAREA
[INFO] 18:41:29:868 Discordiador/(24030:24034): [TRIPULANTE 2] LLEGUÉ A LA TAREA
[INFO] 18:41:29:868 Discordiador/(24030:24034): [TRIPULANTE 2] COMIENZO A EJECUTAR TAREA
[INFO] 18:41:31:869 Discordiador/(24030:24033): [TRIPULANTE 1] TERMINÉ DE EJECUTAR LA TAREA
[INFO] 18:41:31:869 Discordiador/(24030:24036): [TRIPULANTE 4] TENGO QUE LLEGAR A 3|5
[INFO] 18:41:31:870 Discordiador/(24030:24034): [TRIPULANTE 2] TERMINÉ DE EJECUTAR LA TAREA
[INFO] 18:41:31:870 Discordiador/(24030:24034): [TRIPULANTE 2] TENGO QUE LLEGAR A 2|3
[INFO] 18:41:31:870 Discordiador/(24030:24033): [TRIPULANTE 1] TENGO QUE LLEGAR A 2|3
[INFO] 18:41:34:870 Discordiador/(24030:24034): [TRIPULANTE 2] LLEGUÉ A LA TAREA
[INFO] 18:41:34:870 Discordiador/(24030:24034): [TRIPULANTE 2] TERMINÉ
[INFO] 18:41:34:871 Discordiador/(24030:24033): [TRIPULANTE 1] LLEGUÉ A LA TAREA
[INFO] 18:41:34:871 Discordiador/(24030:24033): [TRIPULANTE 1] TERMINÉ
[INFO] 18:41:39:874 Discordiador/(24030:24036): [TRIPULANTE 4] LLEGUÉ A LA TAREA
[INFO] 18:41:39:875 Discordiador/(24030:24036): [TRIPULANTE 4] COMIENZO A EJECUTAR TAREA
[INFO] 18:41:41:876 Discordiador/(24030:24036): [TRIPULANTE 4] TERMINÉ DE EJECUTAR LA TAREA
[INFO] 18:41:41:877 Discordiador/(24030:24036): [TRIPULANTE 4] TENGO QUE LLEGAR A 2|3
[INFO] 18:41:44:878 Discordiador/(24030:24036): [TRIPULANTE 4] LLEGUÉ A LA TAREA
[INFO] 18:41:44:878 Discordiador/(24030:24036): [TRIPULANTE 4] TERMINÉ
[INFO] 18:41:44:878 Discordiador/(24030:24036): NO HAY MÁS TRIPULANTES PARA PLANIFICAR. SE CIERRA LA PLANIFICACIÓN
[INFO] 18:43:07:532 Discordiador/(24030:24030): Se creó la patota 2
[INFO] 18:43:21:931 Discordiador/(24030:24030): SE INICIA LA PLANIFICACIÓN
[INFO] 18:43:21:931 Discordiador/(24030:24052): [TRIPULANTE 5] TENGO QUE LLEGAR A 3|5
[INFO] 18:43:21:931 Discordiador/(24030:24053): [TRIPULANTE 6] TENGO QUE LLEGAR A 3|5
[INFO] 18:43:25:933 Discordiador/(24030:24053): [TRIPULANTE 6] LLEGUÉ A LA TAREA
[INFO] 18:43:25:934 Discordiador/(24030:24053): [TRIPULANTE 6] COMIENZO A EJECUTAR TAREA
[INFO] 18:43:27:531 Discordiador/(24030:24030): SE EXPULSA AL TRIPULANTE 7
[INFO] 18:43:27:934 Discordiador/(24030:24052): [TRIPULANTE 5] LLEGUÉ A LA TAREA
[INFO] 18:43:27:934 Discordiador/(24030:24052): [TRIPULANTE 5] COMIENZO A EJECUTAR TAREA
[INFO] 18:43:27:934 Discordiador/(24030:24053): [TRIPULANTE 6] TERMINÉ DE EJECUTAR LA TAREA
[INFO] 18:43:27:935 Discordiador/(24030:24055): [TRIPULANTE 8] TENGO QUE LLEGAR A 3|5
[INFO] 18:43:29:935 Discordiador/(24030:24052): [TRIPULANTE 5] TERMINÉ DE EJECUTAR LA TAREA
[INFO] 18:43:29:936 Discordiador/(24030:24056): [TRIPULANTE 9] TENGO QUE LLEGAR A 3|5
[INFO] 18:43:29:936 Discordiador/(24030:24055): [TRIPULANTE 8] LLEGUÉ A LA TAREA
[INFO] 18:43:29:936 Discordiador/(24030:24055): [TRIPULANTE 8] COMIENZO A EJECUTAR TAREA
[INFO] 18:43:31:938 Discordiador/(24030:24055): [TRIPULANTE 8] TERMINÉ DE EJECUTAR LA TAREA
[INFO] 18:43:31:938 Discordiador/(24030:24053): [TRIPULANTE 6] TENGO QUE LLEGAR A 2|3
[INFO] 18:43:31:938 Discordiador/(24030:24056): [TRIPULANTE 9] LLEGUÉ A LA TAREA
[INFO] 18:43:31:938 Discordiador/(24030:24056): [TRIPULANTE 9] COMIENZO A EJECUTAR TAREA
[INFO] 18:43:33:939 Discordiador/(24030:24056): [TRIPULANTE 9] TERMINÉ DE EJECUTAR LA TAREA
[INFO] 18:43:33:939 Discordiador/(24030:24052): [TRIPULANTE 5] TENGO QUE LLEGAR A 2|3
[INFO] 18:43:34:940 Discordiador/(24030:24053): [TRIPULANTE 6] LLEGUÉ A LA TAREA
[INFO] 18:43:34:940 Discordiador/(24030:24053): [TRIPULANTE 6] TERMINÉ
[INFO] 18:43:34:940 Discordiador/(24030:24055): [TRIPULANTE 8] TENGO QUE LLEGAR A 2|3
[INFO] 18:43:36:941 Discordiador/(24030:24052): [TRIPULANTE 5] LLEGUÉ A LA TAREA
[INFO] 18:43:36:941 Discordiador/(24030:24052): [TRIPULANTE 5] TERMINÉ
[INFO] 18:43:36:941 Discordiador/(24030:24056): [TRIPULANTE 9] TENGO QUE LLEGAR A 2|3
[INFO] 18:43:37:941 Discordiador/(24030:24055): [TRIPULANTE 8] LLEGUÉ A LA TAREA
[INFO] 18:43:37:941 Discordiador/(24030:24055): [TRIPULANTE 8] TERMINÉ
[INFO] 18:43:39:943 Discordiador/(24030:24056): [TRIPULANTE 9] LLEGUÉ A LA TAREA
[INFO] 18:43:39:943 Discordiador/(24030:24056): [TRIPULANTE 9] TERMINÉ
[INFO] 18:43:39:944 Discordiador/(24030:24056): NO HAY MÁS TRIPULANTES PARA PLANIFICAR. SE CIERRA LA PLANIFICACIÓN
