[INFO] 12:31:37:158 I-MONGO-STORE/(6033:6033): 2048
[INFO] 12:31:37:159 I-MONGO-STORE/(6033:6033): 64
[INFO] 12:33:14:68 I-MONGO-STORE/(6248:6248): 2048
[INFO] 12:33:14:68 I-MONGO-STORE/(6248:6248): PAGINACION
[INFO] 12:33:14:68 I-MONGO-STORE/(6248:6248): 64
[INFO] 12:33:14:68 I-MONGO-STORE/(6248:6248): 4096
[INFO] 12:33:14:68 I-MONGO-STORE/(6248:6248): /home/utnso/swapfile.bin
[INFO] 12:33:14:68 I-MONGO-STORE/(6248:6248): LRU
[INFO] 12:33:14:68 I-MONGO-STORE/(6248:6248): 5001
[INFO] 12:58:54:353 I-MONGO-STORE/(9499:9499): /home/utnso/polus
[INFO] 12:58:54:353 I-MONGO-STORE/(9499:9499): 5001
[INFO] 12:58:54:353 I-MONGO-STORE/(9499:9499): 15000
[INFO] 18:38:23:62 I-MONGO-STORE/(8267:8267): /home/utnso/polus
[INFO] 18:38:23:62 I-MONGO-STORE/(8267:8267): 5002
[INFO] 18:38:23:62 I-MONGO-STORE/(8267:8267): 15000
[INFO] 18:38:23:62 I-MONGO-STORE/(8267:8267): I-MONGO-STORE listo para recibir al Discordiador
[ERROR] 18:40:30:849 I-MONGO-STORE/(8267:8267): el cliente se desconecto. Terminando servidor
[INFO] 18:42:32:165 I-MONGO-STORE/(8446:8446): /home/utnso/polus
[INFO] 18:42:32:165 I-MONGO-STORE/(8446:8446): 5002
[INFO] 18:42:32:165 I-MONGO-STORE/(8446:8446): 15000
[INFO] 18:42:32:165 I-MONGO-STORE/(8446:8446): I-MONGO-STORE listo para recibir al Discordiador
[INFO] 18:42:42:157 I-MONGO-STORE/(8449:8449): /home/utnso/polus
[INFO] 18:42:42:157 I-MONGO-STORE/(8449:8449): 5002
[INFO] 18:42:42:157 I-MONGO-STORE/(8449:8449): 15000
[INFO] 18:42:42:157 I-MONGO-STORE/(8449:8449): I-MONGO-STORE listo para recibir al Discordiador
[ERROR] 18:44:37:897 I-MONGO-STORE/(8449:8449): el cliente se desconecto. Terminando servidor
[INFO] 18:56:41:354 I-MONGO-STORE/(8799:8799): /home/utnso/polus
[INFO] 18:56:41:354 I-MONGO-STORE/(8799:8799): 5002
[INFO] 18:56:41:354 I-MONGO-STORE/(8799:8799): 15000
[INFO] 18:56:41:354 I-MONGO-STORE/(8799:8799): I-MONGO-STORE listo para recibir al Discordiador
[INFO] 18:56:45:910 I-MONGO-STORE/(8801:8801): /home/utnso/polus
[INFO] 18:56:45:910 I-MONGO-STORE/(8801:8801): 5002
[INFO] 18:56:45:910 I-MONGO-STORE/(8801:8801): 15000
[INFO] 18:56:45:910 I-MONGO-STORE/(8801:8801): I-MONGO-STORE listo para recibir al Discordiador
[ERROR] 18:57:58:163 I-MONGO-STORE/(8801:8801): SE DESCONECTÓ EL DISCORDIADOR. FINALIZO
